2026-01-16T17:46:53.098Z > orchid-automation@1.0.0 dev
2026-01-16T17:46:53.098Z > next dev
2026-01-16T17:46:53.335Z ▲ Next.js 16.1.2 (Turbopack)
2026-01-16T17:46:53.335Z - Local:         http://localhost:3000
2026-01-16T17:46:53.512Z - Network:       http://192.168.68.57:3000
2026-01-16T17:46:53.512Z ✓ Starting...
2026-01-16T17:46:53.558Z ✓ Ready in 242ms
2026-01-16T17:46:58.336Z  GET / 200 in 855ms (compile: 798ms, render: 57ms)
2026-01-16T17:47:01.984Z  GET /team 200 in 146ms (compile: 126ms, render: 20ms)
2026-01-16T17:47:03.732Z  GET /services 200 in 118ms (compile: 98ms, render: 20ms)
2026-01-16T17:48:17.642Z  GET /contact 200 in 157ms (compile: 122ms, render: 35ms)
2026-01-16T17:48:48.344Z  GET / 200 in 46ms (compile: 17ms, render: 29ms)
2026-01-16T17:48:51.737Z  GET / 200 in 18ms (compile: 1451µs, render: 16ms)
2026-01-16T17:49:34.750Z  GET / 200 in 14ms (compile: 857µs, render: 14ms)
2026-01-16T17:49:45.329Z  GET /team 200 in 43ms (compile: 16ms, render: 27ms)
2026-01-16T17:49:53.436Z  GET /services 200 in 36ms (compile: 13ms, render: 23ms)
2026-01-16T17:50:00.731Z  GET /contact 200 in 18ms (compile: 3ms, render: 15ms)
2026-01-16T17:50:51.228Z  GET / 200 in 19ms (compile: 1324µs, render: 17ms)
2026-01-17T00:17:40.211Z  GET / 200 in 47ms (compile: 14ms, render: 32ms)
2026-01-17T00:17:47.361Z  GET / 200 in 28ms (compile: 5ms, render: 23ms)
2026-01-17T00:17:48.916Z  GET /team 200 in 22ms (compile: 5ms, render: 18ms)
2026-01-17T00:18:23.383Z  GET /team 200 in 23ms (compile: 7ms, render: 17ms)
2026-01-17T00:18:25.056Z  GET / 200 in 21ms (compile: 5ms, render: 16ms)
2026-01-17T00:18:29.701Z  GET /services 200 in 16ms (compile: 3ms, render: 13ms)
2026-01-17T00:18:33.440Z  GET / 200 in 23ms (compile: 7ms, render: 16ms)
